============================= test session starts ==============================
platform darwin -- Python 3.9.6, pytest-8.4.2, pluggy-1.6.0 -- /Applications/Xcode.app/Contents/Developer/usr/bin/python3
cachedir: .pytest_cache
rootdir: /Users/eddiecamacho/python-scripts/day3
collecting ... collected 11 items

tests/test_secret_scanner.py::test_scan_file_finds_aws_access_key PASSED [  9%]
tests/test_secret_scanner.py::test_scan_file_finds_password PASSED       [ 18%]
tests/test_secret_scanner.py::test_scan_file_finds_private_key_header PASSED [ 27%]
tests/test_secret_scanner.py::test_scan_file_clean_file_returns_empty PASSED [ 36%]
tests/test_secret_scanner.py::test_scan_file_one_finding_per_line PASSED [ 45%]
tests/test_secret_scanner.py::test_scan_file_permission_error_warns_and_returns_empty PASSED [ 54%]
tests/test_secret_scanner.py::test_scan_file_finds_api_key PASSED        [ 63%]
tests/test_secret_scanner.py::test_scan_file_finds_token PASSED          [ 72%]
tests/test_secret_scanner.py::test_walk_directory_skips_skip_dirs PASSED [ 81%]
tests/test_secret_scanner.py::test_walk_directory_filters_to_scan_extensions PASSED [ 90%]
tests/test_secret_scanner.py::test_walk_directory_skips_symlinks PASSED  [100%]

============================== 11 passed in 0.01s ==============================
